[debug] [2024-11-15T09:58:07.732Z] ----------------------------------------------------------------------
[debug] [2024-11-15T09:58:07.734Z] Command:       C:\Program Files\nodejs\node.exe C:\Users\Intern-53\AppData\Roaming\npm\node_modules\firebase-tools\lib\bin\firebase.js init
[debug] [2024-11-15T09:58:07.735Z] CLI Version:   13.25.0
[debug] [2024-11-15T09:58:07.736Z] Platform:      win32
[debug] [2024-11-15T09:58:07.736Z] Node Version:  v18.16.0
[debug] [2024-11-15T09:58:07.737Z] Time:          Fri Nov 15 2024 11:58:07 GMT+0200 (South Africa Standard Time)
[debug] [2024-11-15T09:58:07.737Z] ----------------------------------------------------------------------
[debug] 
[debug] [2024-11-15T09:58:07.802Z] > command requires scopes: ["email","openid","https://www.googleapis.com/auth/cloudplatformprojects.readonly","https://www.googleapis.com/auth/firebase","https://www.googleapis.com/auth/cloud-platform"]
[debug] [2024-11-15T09:58:07.802Z] > authorizing via signed-in user (langeveldt20joshua@gmail.com)
[info] 
     ######## #### ########  ######## ########     ###     ######  ########
     ##        ##  ##     ## ##       ##     ##  ##   ##  ##       ##
     ######    ##  ########  ######   ########  #########  ######  ######
     ##        ##  ##    ##  ##       ##     ## ##     ##       ## ##
     ##       #### ##     ## ######## ########  ##     ##  ######  ########

You're about to initialize a Firebase project in this directory:

  C:\Users\Intern-53\Desktop\Final-Portfolio

Before we get started, keep in mind:

  * You are initializing within an existing Firebase project directory

[debug] [2024-11-15T09:58:32.660Z] ----------------------------------------------------------------------
[debug] [2024-11-15T09:58:32.661Z] Command:       C:\Program Files\nodejs\node.exe C:\Users\Intern-53\AppData\Roaming\npm\node_modules\firebase-tools\lib\bin\firebase.js init
[debug] [2024-11-15T09:58:32.662Z] CLI Version:   13.25.0
[debug] [2024-11-15T09:58:32.662Z] Platform:      win32
[debug] [2024-11-15T09:58:32.662Z] Node Version:  v18.16.0
[debug] [2024-11-15T09:58:32.663Z] Time:          Fri Nov 15 2024 11:58:32 GMT+0200 (South Africa Standard Time)
[debug] [2024-11-15T09:58:32.663Z] ----------------------------------------------------------------------
[debug] 
[debug] [2024-11-15T09:58:32.721Z] > command requires scopes: ["email","openid","https://www.googleapis.com/auth/cloudplatformprojects.readonly","https://www.googleapis.com/auth/firebase","https://www.googleapis.com/auth/cloud-platform"]
[debug] [2024-11-15T09:58:32.721Z] > authorizing via signed-in user (langeveldt20joshua@gmail.com)
[info] 
     ######## #### ########  ######## ########     ###     ######  ########
     ##        ##  ##     ## ##       ##     ##  ##   ##  ##       ##
     ######    ##  ########  ######   ########  #########  ######  ######
     ##        ##  ##    ##  ##       ##     ## ##     ##       ## ##
     ##       #### ##     ## ######## ########  ##     ##  ######  ########

You're about to initialize a Firebase project in this directory:

  C:\Users\Intern-53\Desktop\Final-Portfolio

Before we get started, keep in mind:

  * You are initializing within an existing Firebase project directory

